[INFO ] [15849] [2023-10-08 00:18:51.492] [main] [com.practice.step_defs.Hooks] - "navigate to https://www.etsy.com/"
[INFO ] [15849] [2023-10-08 00:18:55.162] [main] [com.practice.step_defs.Home_StepDefs] - "validate sign in button"
[INFO ] [15849] [2023-10-08 00:18:55.380] [main] [com.practice.step_defs.Home_StepDefs] - "validate favorites button"
[INFO ] [15849] [2023-10-08 00:18:55.430] [main] [com.practice.step_defs.Home_StepDefs] - "validate shopping card button"
[INFO ] [15849] [2023-10-08 00:18:55.437] [main] [com.practice.step_defs.Hooks] - "the session quit"
[INFO ] [15933] [2023-10-08 00:19:10.958] [main] [com.practice.step_defs.Hooks] - "navigate to https://www.etsy.com/"
[INFO ] [15933] [2023-10-08 00:19:16.880] [main] [com.practice.step_defs.Home_StepDefs] - "validate sign in button"
[INFO ] [15933] [2023-10-08 00:19:16.970] [main] [com.practice.step_defs.Home_StepDefs] - "validate favorites button"
[INFO ] [15933] [2023-10-08 00:19:17.009] [main] [com.practice.step_defs.Home_StepDefs] - "validate shopping card button"
[INFO ] [15933] [2023-10-08 00:19:17.010] [main] [com.practice.step_defs.Hooks] - "the session quit"
[INFO ] [16330] [2023-10-08 00:59:22.252] [main] [com.practice.step_defs.Hooks] - "navigate to https://www.etsy.com/"
[INFO ] [16330] [2023-10-08 00:59:30.959] [main] [com.practice.step_defs.Home_StepDefs] - "send text"
[INFO ] [16330] [2023-10-08 00:59:31.275] [main] [com.practice.step_defs.Home_StepDefs] - "tap on search button"
[INFO ] [16330] [2023-10-08 00:59:33.408] [main] [com.practice.step_defs.SearchedPage_StepDefs] - "validate that most loved element is visible"
[INFO ] [16330] [2023-10-08 00:59:33.439] [main] [com.practice.step_defs.Hooks] - "the session quit"
[INFO ] [16506] [2023-10-08 01:05:13.635] [main] [com.practice.step_defs.Hooks] - "navigate to https://www.etsy.com/"
[INFO ] [16506] [2023-10-08 01:05:13.940] [main] [com.practice.step_defs.Home_StepDefs] - "send text"
[INFO ] [16506] [2023-10-08 01:05:15.415] [main] [com.practice.step_defs.Home_StepDefs] - "tap on search button"
[INFO ] [16506] [2023-10-08 01:05:15.722] [main] [com.practice.step_defs.Hooks] - "the session quit"
[INFO ] [16617] [2023-10-08 01:07:33.844] [main] [com.practice.step_defs.Hooks] - "maximize window"
[INFO ] [16617] [2023-10-08 01:07:35.192] [main] [com.practice.step_defs.Hooks] - "navigate to https://www.etsy.com/"
[INFO ] [16617] [2023-10-08 01:07:35.603] [main] [com.practice.step_defs.Home_StepDefs] - "send text"
[INFO ] [16617] [2023-10-08 01:07:37.460] [main] [com.practice.step_defs.Home_StepDefs] - "tap on search button"
[INFO ] [16617] [2023-10-08 01:07:42.713] [main] [com.practice.step_defs.Hooks] - "the session quit"
[INFO ] [16709] [2023-10-08 01:07:57.704] [main] [com.practice.step_defs.Hooks] - "maximize window"
[INFO ] [16709] [2023-10-08 01:08:01.113] [main] [com.practice.step_defs.Hooks] - "navigate to https://www.etsy.com/"
[INFO ] [16709] [2023-10-08 01:08:01.377] [main] [com.practice.step_defs.Home_StepDefs] - "send text"
[INFO ] [16709] [2023-10-08 01:08:03.341] [main] [com.practice.step_defs.Home_StepDefs] - "tap on search button"
[INFO ] [16709] [2023-10-08 01:08:08.640] [main] [com.practice.step_defs.Hooks] - "the session quit"
[INFO ] [16813] [2023-10-08 01:08:56.559] [main] [com.practice.step_defs.Hooks] - "maximize window"
[INFO ] [16813] [2023-10-08 01:08:59.963] [main] [com.practice.step_defs.Hooks] - "navigate to https://www.etsy.com/"
[INFO ] [16813] [2023-10-08 01:09:00.224] [main] [com.practice.step_defs.Home_StepDefs] - "send text"
[INFO ] [16813] [2023-10-08 01:09:02.262] [main] [com.practice.step_defs.Home_StepDefs] - "tap on search button"
[INFO ] [16813] [2023-10-08 01:09:07.567] [main] [com.practice.step_defs.Hooks] - "the session quit"
[INFO ] [16911] [2023-10-08 01:09:52.947] [main] [com.practice.step_defs.Hooks] - "maximize window"
[INFO ] [16911] [2023-10-08 01:09:55.983] [main] [com.practice.step_defs.Hooks] - "navigate to https://www.etsy.com/"
[INFO ] [16911] [2023-10-08 01:09:56.258] [main] [com.practice.step_defs.Home_StepDefs] - "send text"
[INFO ] [16911] [2023-10-08 01:09:57.740] [main] [com.practice.step_defs.Home_StepDefs] - "tap on search button"
[INFO ] [16911] [2023-10-08 01:10:03.007] [main] [com.practice.step_defs.Hooks] - "the session quit"
[INFO ] [17018] [2023-10-08 01:12:17.405] [main] [com.practice.step_defs.Hooks] - "maximize window"
[INFO ] [17018] [2023-10-08 01:12:18.736] [main] [com.practice.step_defs.Hooks] - "navigate to https://www.etsy.com/"
[INFO ] [17018] [2023-10-08 01:12:28.280] [main] [com.practice.step_defs.Home_StepDefs] - "send text"
[INFO ] [17018] [2023-10-08 01:12:33.329] [main] [com.practice.step_defs.SearchedPage_StepDefs] - "validate that most loved element is visible"
[INFO ] [17018] [2023-10-08 01:12:33.648] [main] [com.practice.step_defs.Hooks] - "the session quit"
